[2023-04-11 02:05:49.840] fd = 4 events = 3
[2023-04-11 02:05:49.840] EventLoop created in thread 139715071162176
[2023-04-11 02:05:49.840] fd = 5 events = 3
[2023-04-11 02:05:49.840] fd = 6 events = 4
[2023-04-11 02:05:49.840] 1 events happened
[2023-04-11 02:05:49.840] fd = 6 events = 0
[2023-04-11 02:05:49.840] fd = 6
[2023-04-11 02:05:49.840] so_error = 111 Connection refused
[2023-04-11 02:05:49.840] Connector::handle_write() Disconnected
[2023-04-11 02:05:50.341] 1 events happened
[2023-04-11 02:05:50.341] TimerQueue::handleRead() 1 at [2023-04-11 02:05:50.341] 
[2023-04-11 02:05:50.341] fd = 6 events = 4
[2023-04-11 02:05:50.341] 1 events happened
[2023-04-11 02:05:50.341] fd = 6 events = 0
[2023-04-11 02:05:50.341] fd = 6
[2023-04-11 02:05:50.341] so_error = 111 Connection refused
[2023-04-11 02:05:50.341] Connector::handle_write() Disconnected
[2023-04-11 02:05:50.842] 1 events happened
[2023-04-11 02:05:50.842] TimerQueue::handleRead() 1 at [2023-04-11 02:05:50.842] 
[2023-04-11 02:05:50.842] fd = 6 events = 4
[2023-04-11 02:05:50.842] 1 events happened
[2023-04-11 02:05:50.842] fd = 6 events = 0
[2023-04-11 02:05:50.842] fd = 6
[2023-04-11 02:05:50.842] so_error = 111 Connection refused
[2023-04-11 02:05:50.842] Connector::handle_write() Disconnected
[2023-04-11 02:05:51.343] 1 events happened
[2023-04-11 02:05:51.343] TimerQueue::handleRead() 1 at [2023-04-11 02:05:51.343] 
[2023-04-11 02:05:51.343] fd = 6 events = 4
[2023-04-11 02:05:51.343] 1 events happened
[2023-04-11 02:05:51.343] fd = 6 events = 0
[2023-04-11 02:05:51.343] fd = 6
[2023-04-11 02:05:51.343] so_error = 111 Connection refused
[2023-04-11 02:05:51.343] Connector::handle_write() Disconnected
[2023-04-11 02:05:51.844] 1 events happened
[2023-04-11 02:05:51.844] TimerQueue::handleRead() 1 at [2023-04-11 02:05:51.844] 
[2023-04-11 02:05:51.844] fd = 6 events = 4
[2023-04-11 02:05:51.844] 1 events happened
[2023-04-11 02:05:51.844] fd = 6 events = 0
[2023-04-11 02:05:51.844] fd = 6
[2023-04-11 02:05:51.844] so_error = 111 Connection refused
[2023-04-11 02:05:51.844] Connector::handle_write() Disconnected
[2023-04-11 02:05:52.345] 1 events happened
[2023-04-11 02:05:52.345] TimerQueue::handleRead() 1 at [2023-04-11 02:05:52.345] 
[2023-04-11 02:05:52.345] fd = 6 events = 4
[2023-04-11 02:05:52.345] 1 events happened
[2023-04-11 02:05:52.345] fd = 6 events = 0
[2023-04-11 02:05:52.345] fd = 6
[2023-04-11 02:05:52.345] so_error = 111 Connection refused
[2023-04-11 02:05:52.345] Connector::handle_write() Disconnected
[2023-04-11 02:05:52.846] 1 events happened
[2023-04-11 02:05:52.846] TimerQueue::handleRead() 1 at [2023-04-11 02:05:52.846] 
[2023-04-11 02:05:52.846] fd = 6 events = 4
[2023-04-11 02:05:52.846] 1 events happened
[2023-04-11 02:05:52.846] fd = 6 events = 0
[2023-04-11 02:05:52.846] fd = 6
[2023-04-11 02:05:52.846] so_error = 111 Connection refused
[2023-04-11 02:05:52.847] Connector::handle_write() Disconnected
[2023-04-11 02:05:53.347] 1 events happened
[2023-04-11 02:05:53.347] TimerQueue::handleRead() 1 at [2023-04-11 02:05:53.347] 
[2023-04-11 02:05:53.347] fd = 6 events = 4
[2023-04-11 02:05:53.347] 1 events happened
[2023-04-11 02:05:53.347] fd = 6 events = 0
[2023-04-11 02:05:53.347] fd = 6
[2023-04-11 02:05:53.347] so_error = 111 Connection refused
[2023-04-11 02:05:53.347] Connector::handle_write() Disconnected
[2023-04-11 02:05:53.847] 1 events happened
[2023-04-11 02:05:53.847] TimerQueue::handleRead() 1 at [2023-04-11 02:05:53.847] 
[2023-04-11 02:05:53.847] fd = 6 events = 4
[2023-04-11 02:05:53.847] 1 events happened
[2023-04-11 02:05:53.847] fd = 6 events = 0
[2023-04-11 02:05:53.847] fd = 6
[2023-04-11 02:05:53.847] so_error = 111 Connection refused
[2023-04-11 02:05:53.847] Connector::handle_write() Disconnected
[2023-04-11 02:05:54.348] 1 events happened
[2023-04-11 02:05:54.348] TimerQueue::handleRead() 1 at [2023-04-11 02:05:54.348] 
[2023-04-11 02:05:54.348] fd = 6 events = 4
[2023-04-11 02:05:54.349] 1 events happened
[2023-04-11 02:05:54.349] Connector::handle_write() Connecting
[2023-04-11 02:05:54.349] fd = 6 events = 0
[2023-04-11 02:05:54.349] fd = 6
[2023-04-11 02:05:54.349] EventLoop stop looping
